# JRE version: Java(TM) SE Runtime Environment (8.0_191-b12) (build 1.8.0_191-b12)
# Java VM: Java HotSpot(TM) 64-Bit Server VM (25.191-b12 mixed mode linux-amd64 compressed oops)
Heap:
 PSYoungGen      total 1165312K, used 133696K [0x0000000755580000, 0x00000007c0000000, 0x00000007c0000000)
  eden space 583168K, 0% used [0x0000000755580000,0x0000000755580000,0x0000000778f00000)
  from space 582144K, 22% used [0x0000000778f00000,0x00000007811900a0,0x000000079c780000)
  to   space 582144K, 0% used [0x000000079c780000,0x000000079c780000,0x00000007c0000000)
 ParOldGen       total 2246144K, used 2245934K [0x0000000680000000, 0x0000000709180000, 0x0000000755580000)
  object space 2246144K, 99% used [0x0000000680000000,0x000000070914b808,0x0000000709180000)
 Metaspace       used 43021K, capacity 43655K, committed 43824K, reserved 1081344K
  class space    used 11547K, capacity 11568K, committed 11568K, reserved 1048576K
GC Heap History (10 events):
Event: 93.489 GC heap after
Heap after GC invocations=168 (full 9):
 PSYoungGen      total 1097216K, used 0K [0x0000000755580000, 0x00000007bec80000, 0x00000007c0000000)
  eden space 515072K, 0% used [0x0000000755580000,0x0000000755580000,0x0000000774c80000)
  from space 582144K, 0% used [0x0000000774c80000,0x0000000774c80000,0x0000000798500000)
  to   space 582144K, 0% used [0x000000079b400000,0x000000079b400000,0x00000007bec80000)
 ParOldGen       total 2041856K, used 1500845K [0x0000000680000000, 0x00000006fca00000, 0x0000000755580000)
  object space 2041856K, 73% used [0x0000000680000000,0x00000006db9ab640,0x00000006fca00000)
 Metaspace       used 41968K, capacity 42599K, committed 42800K, reserved 1081344K
  class space    used 11258K, capacity 11280K, committed 11312K, reserved 1048576K
}
Event: 94.448 GC heap before
{Heap before GC invocations=169 (full 9):
 PSYoungGen      total 1097216K, used 515072K [0x0000000755580000, 0x00000007bec80000, 0x00000007c0000000)
  eden space 515072K, 100% used [0x0000000755580000,0x0000000774c80000,0x0000000774c80000)
  from space 582144K, 0% used [0x0000000774c80000,0x0000000774c80000,0x0000000798500000)
  to   space 582144K, 0% used [0x000000079b400000,0x000000079b400000,0x00000007bec80000)
 ParOldGen       total 2041856K, used 1500845K [0x0000000680000000, 0x00000006fca00000, 0x0000000755580000)
  object space 2041856K, 73% used [0x0000000680000000,0x00000006db9ab640,0x00000006fca00000)
 Metaspace       used 41968K, capacity 42599K, committed 42800K, reserved 1081344K
  class space    used 11258K, capacity 11280K, committed 11312K, reserved 1048576K
Event: 94.789 GC heap after
Heap after GC invocations=169 (full 9):
 PSYoungGen      total 1135104K, used 386368K [0x0000000755580000, 0x00000007be780000, 0x00000007c0000000)
  eden space 558080K, 0% used [0x0000000755580000,0x0000000755580000,0x0000000777680000)
  from space 577024K, 66% used [0x000000079b400000,0x00000007b2d50000,0x00000007be780000)
  to   space 582144K, 0% used [0x0000000777680000,0x0000000777680000,0x000000079af00000)
 ParOldGen       total 2041856K, used 1500845K [0x0000000680000000, 0x00000006fca00000, 0x0000000755580000)
  object space 2041856K, 73% used [0x0000000680000000,0x00000006db9ab640,0x00000006fca00000)
 Metaspace       used 41968K, capacity 42599K, committed 42800K, reserved 1081344K
  class space    used 11258K, capacity 11280K, committed 11312K, reserved 1048576K
}
Event: 96.002 GC heap before
{Heap before GC invocations=170 (full 9):
 PSYoungGen      total 1135104K, used 944448K [0x0000000755580000, 0x00000007be780000, 0x00000007c0000000)
  eden space 558080K, 100% used [0x0000000755580000,0x0000000777680000,0x0000000777680000)
  from space 577024K, 66% used [0x000000079b400000,0x00000007b2d50000,0x00000007be780000)
  to   space 582144K, 0% used [0x0000000777680000,0x0000000777680000,0x000000079af00000)
 ParOldGen       total 2041856K, used 1500845K [0x0000000680000000, 0x00000006fca00000, 0x0000000755580000)
  object space 2041856K, 73% used [0x0000000680000000,0x00000006db9ab640,0x00000006fca00000)
 Metaspace       used 42996K, capacity 43591K, committed 43824K, reserved 1081344K
  class space    used 11547K, capacity 11568K, committed 11568K, reserved 1048576K
Event: 96.404 GC heap after
Heap after GC invocations=170 (full 9):
 PSYoungGen      total 1140224K, used 582144K [0x0000000755580000, 0x00000007c0000000, 0x00000007c0000000)
  eden space 558080K, 0% used [0x0000000755580000,0x0000000755580000,0x0000000777680000)
  from space 582144K, 100% used [0x0000000777680000,0x000000079af00000,0x000000079af00000)
  to   space 582144K, 0% used [0x000000079c780000,0x000000079c780000,0x00000007c0000000)
 ParOldGen       total 2041856K, used 1532633K [0x0000000680000000, 0x00000006fca00000, 0x0000000755580000)
  object space 2041856K, 75% used [0x0000000680000000,0x00000006dd8b65c8,0x00000006fca00000)
 Metaspace       used 42996K, capacity 43591K, committed 43824K, reserved 1081344K
  class space    used 11547K, capacity 11568K, committed 11568K, reserved 1048576K
}
Event: 96.795 GC heap before
{Heap before GC invocations=171 (full 9):
 PSYoungGen      total 1140224K, used 1140224K [0x0000000755580000, 0x00000007c0000000, 0x00000007c0000000)
  eden space 558080K, 100% used [0x0000000755580000,0x0000000777680000,0x0000000777680000)
  from space 582144K, 100% used [0x0000000777680000,0x000000079af00000,0x000000079af00000)
  to   space 582144K, 0% used [0x000000079c780000,0x000000079c780000,0x00000007c0000000)
 ParOldGen       total 2041856K, used 1532633K [0x0000000680000000, 0x00000006fca00000, 0x0000000755580000)
  object space 2041856K, 75% used [0x0000000680000000,0x00000006dd8b65c8,0x00000006fca00000)
 Metaspace       used 43006K, capacity 43591K, committed 43824K, reserved 1081344K
  class space    used 11547K, capacity 11568K, committed 11568K, reserved 1048576K
Event: 97.292 GC heap after
Heap after GC invocations=171 (full 9):
 PSYoungGen      total 1165312K, used 582144K [0x0000000755580000, 0x00000007c0000000, 0x00000007c0000000)
  eden space 583168K, 0% used [0x0000000755580000,0x0000000755580000,0x0000000778f00000)
  from space 582144K, 100% used [0x000000079c780000,0x00000007c0000000,0x00000007c0000000)
  to   space 582144K, 0% used [0x0000000778f00000,0x0000000778f00000,0x000000079c780000)
 ParOldGen       total 2041856K, used 1685705K [0x0000000680000000, 0x00000006fca00000, 0x0000000755580000)
  object space 2041856K, 82% used [0x0000000680000000,0x00000006e6e325c8,0x00000006fca00000)
 Metaspace       used 43006K, capacity 43591K, committed 43824K, reserved 1081344K
  class space    used 11547K, capacity 11568K, committed 11568K, reserved 1048576K
}
Event: 97.687 GC heap before
{Heap before GC invocations=172 (full 9):
 PSYoungGen      total 1165312K, used 1165312K [0x0000000755580000, 0x00000007c0000000, 0x00000007c0000000)
  eden space 583168K, 100% used [0x0000000755580000,0x0000000778f00000,0x0000000778f00000)
  from space 582144K, 100% used [0x000000079c780000,0x00000007c0000000,0x00000007c0000000)
  to   space 582144K, 0% used [0x0000000778f00000,0x0000000778f00000,0x000000079c780000)
 ParOldGen       total 2041856K, used 1685705K [0x0000000680000000, 0x00000006fca00000, 0x0000000755580000)
  object space 2041856K, 82% used [0x0000000680000000,0x00000006e6e325c8,0x00000006fca00000)
 Metaspace       used 43021K, capacity 43655K, committed 43824K, reserved 1081344K
  class space    used 11547K, capacity 11568K, committed 11568K, reserved 1048576K
Event: 98.913 GC heap after
Heap after GC invocations=172 (full 9):
 PSYoungGen      total 1165312K, used 176928K [0x0000000755580000, 0x00000007c0000000, 0x00000007c0000000)
  eden space 583168K, 0% used [0x0000000755580000,0x0000000755580000,0x0000000778f00000)
  from space 582144K, 30% used [0x0000000778f00000,0x0000000783bc8000,0x000000079c780000)
  to   space 582144K, 0% used [0x000000079c780000,0x000000079c780000,0x00000007c0000000)
 ParOldGen       total 2246144K, used 2245785K [0x0000000680000000, 0x0000000709180000, 0x0000000755580000)
  object space 2246144K, 99% used [0x0000000680000000,0x00000007091265c8,0x0000000709180000)
 Metaspace       used 43021K, capacity 43655K, committed 43824K, reserved 1081344K
  class space    used 11547K, capacity 11568K, committed 11568K, reserved 1048576K
}
Event: 98.916 GC heap before
{Heap before GC invocations=173 (full 10):
 PSYoungGen      total 1165312K, used 176928K [0x0000000755580000, 0x00000007c0000000, 0x00000007c0000000)
  eden space 583168K, 0% used [0x0000000755580000,0x0000000755580000,0x0000000778f00000)
  from space 582144K, 30% used [0x0000000778f00000,0x0000000783bc8000,0x000000079c780000)
  to   space 582144K, 0% used [0x000000079c780000,0x000000079c780000,0x00000007c0000000)
 ParOldGen       total 2246144K, used 2245785K [0x0000000680000000, 0x0000000709180000, 0x0000000755580000)
  object space 2246144K, 99% used [0x0000000680000000,0x00000007091265c8,0x0000000709180000)
 Metaspace       used 43021K, capacity 43655K, committed 43824K, reserved 1081344K
  class space    used 11547K, capacity 11568K, committed 11568K, reserved 1048576K

